<?xml version="1.0" encoding="UTF-8"?>
<testng-results ignored="0" total="1" passed="1" failed="0" skipped="0">
  <reporter-output>
  </reporter-output>
  <suite started-at="2022-11-30T23:50:04 MSK" name="Surefire suite" finished-at="2022-11-30T23:50:05 MSK" duration-ms="1134">
    <groups>
    </groups>
    <test started-at="2022-11-30T23:50:04 MSK" name="Surefire test" finished-at="2022-11-30T23:50:05 MSK" duration-ms="1134">
      <class name="ApiHelpersVersion.tests.FirstTestCreateUser">
        <test-method is-config="true" signature="beforeSuite(org.testng.ITestContext)[pri:0, instance:ApiHelpersVersion.tests.FirstTestCreateUser@1603cd68]" started-at="2022-11-30T23:50:02 MSK" name="beforeSuite" finished-at="2022-11-30T23:50:04 MSK" duration-ms="1817" status="PASS">
          <params>
            <param index="0">
              <value>
                <![CDATA[org.testng.TestRunner@15e8f9b2]]>
              </value>
            </param>
          </params>
          <reporter-output>
          </reporter-output>
        </test-method> <!-- beforeSuite -->
        <test-method is-config="true" signature="before()[pri:0, instance:ApiHelpersVersion.tests.FirstTestCreateUser@1603cd68]" started-at="2022-11-30T23:50:04 MSK" name="before" finished-at="2022-11-30T23:50:04 MSK" duration-ms="0" status="PASS">
          <reporter-output>
          </reporter-output>
        </test-method> <!-- before -->
        <test-method signature="getTestActions()[pri:0, instance:ApiHelpersVersion.tests.FirstTestCreateUser@1603cd68]" started-at="2022-11-30T23:50:04 MSK" name="getTestActions" description="Создание пользователя" finished-at="2022-11-30T23:50:05 MSK" duration-ms="1112" status="PASS">
          <reporter-output>
          </reporter-output>
        </test-method> <!-- getTestActions -->
        <test-method is-config="true" signature="after()[pri:0, instance:ApiHelpersVersion.tests.FirstTestCreateUser@1603cd68]" started-at="2022-11-30T23:50:05 MSK" name="after" finished-at="2022-11-30T23:50:05 MSK" duration-ms="0" status="PASS">
          <reporter-output>
          </reporter-output>
        </test-method> <!-- after -->
        <test-method is-config="true" signature="afterSuite(org.testng.ITestContext)[pri:0, instance:ApiHelpersVersion.tests.FirstTestCreateUser@1603cd68]" started-at="2022-11-30T23:50:05 MSK" name="afterSuite" finished-at="2022-11-30T23:50:05 MSK" duration-ms="33" status="PASS">
          <params>
            <param index="0">
              <value>
                <![CDATA[org.testng.TestRunner@15e8f9b2]]>
              </value>
            </param>
          </params>
          <reporter-output>
          </reporter-output>
        </test-method> <!-- afterSuite -->
      </class> <!-- ApiHelpersVersion.tests.FirstTestCreateUser -->
    </test> <!-- Surefire test -->
  </suite> <!-- Surefire suite -->
</testng-results>
